
<!DOCTYPE html>
<html>
<head><meta charset="UTF-8"><title>Bugzilla Report</title>
<style>
body { font-family: sans-serif; padding: 1em; }
h2 { margin: .8em 0 .4em; }
ul.buglist { list-style: disc; padding-left: 1em; margin: 0; }
ul.details { list-style: circle; padding-left: 1.5em; margin-top: 0.25em; margin-bottom: 0; }
ul.subdetails { list-style: square; padding-left: 2em; margin: 0; }
.section { margin-top: 12px; }
</style>
</head><body>

<p style="font-size: 0.9em; color: #666;">Last updated: 2025-09-26 09:12 UTC</p>
<h2>ðŸŸ§ Intermittent Failures</h2>
<ul class="buglist">

<li><a href="https://bugzilla.mozilla.org/show_bug.cgi?id=1893092" target="_blank">Bug 1893092 - Frequent Missing chrome or resource URLs: chrome://pageloader/content/utils.js [unknown top frame] | single tracking bug</a>
  <ul class="details">
    <li><a href="https://treeherder.mozilla.org/intermittent-failures/bugdetails?startday=2025-09-19&amp;endday=2025-09-26&amp;tree=all&amp;bug=1893092" target="_blank">Orange Factor Graph ðŸ“ˆ</a></li>
    <li>100 Failures</li>
    
    
      <li>Repository Breakdown:
        <ul class="subdetails"><li>autoland: 78</li><li>mozilla-central: 22</li></ul>
      </li>
    
    
    
  </ul>
</li>

<li><a href="https://bugzilla.mozilla.org/show_bug.cgi?id=1985198" target="_blank">Bug 1985198 - Intermittent raptor-browsertime Info: TypeError: Cannot read properties of null (reading &#39;transfer&#39;)</a>
  <ul class="details">
    <li><a href="https://treeherder.mozilla.org/intermittent-failures/bugdetails?startday=2025-09-19&amp;endday=2025-09-26&amp;tree=all&amp;bug=1985198" target="_blank">Orange Factor Graph ðŸ“ˆ</a></li>
    <li>67 Failures</li>
    
    
      <li>Repository Breakdown:
        <ul class="subdetails"><li>mozilla-central: 36</li><li>autoland: 31</li></ul>
      </li>
    
    
    
  </ul>
</li>

<li><a href="https://bugzilla.mozilla.org/show_bug.cgi?id=1990473" target="_blank">Bug 1990473 - Perma pdfpaint-5 [taskcluster:error] task aborted - max run time exceeded | Timeout exceeded on http://127.0.0.1:55085/tests/pdfpaint/pdfs/issue1597.pdf | &#34;You should not call finishTest without having first initted the Profiler&#34; | single tracking bug</a>
  <ul class="details">
    <li><a href="https://treeherder.mozilla.org/intermittent-failures/bugdetails?startday=2025-09-19&amp;endday=2025-09-26&amp;tree=all&amp;bug=1990473" target="_blank">Orange Factor Graph ðŸ“ˆ</a></li>
    <li>51 Failures</li>
    
    
      <li>Repository Breakdown:
        <ul class="subdetails"><li>autoland: 40</li><li>mozilla-beta: 4</li><li>mozilla-central: 7</li></ul>
      </li>
    
    
    
  </ul>
</li>

<li><a href="https://bugzilla.mozilla.org/show_bug.cgi?id=1921101" target="_blank">Bug 1921101 - Frequent perftest-support-class Critical: TEST-UNEXPECTED-FAIL | Some visual metrics have an erroneous value of 0.</a>
  <ul class="details">
    <li><a href="https://treeherder.mozilla.org/intermittent-failures/bugdetails?startday=2025-09-19&amp;endday=2025-09-26&amp;tree=all&amp;bug=1921101" target="_blank">Orange Factor Graph ðŸ“ˆ</a></li>
    <li>35 Failures</li>
    
    
      <li>Repository Breakdown:
        <ul class="subdetails"><li>autoland: 22</li><li>mozilla-central: 11</li><li>mozilla-beta: 2</li></ul>
      </li>
    
    
    <li><b>NEEDINFO</b>: afinder@mozilla.com</li>
  </ul>
</li>

<li><a href="https://bugzilla.mozilla.org/show_bug.cgi?id=1794985" target="_blank">Bug 1794985 - Intermittent raptor-browsertime Critical: Browsertime process timed out after waiting 240 seconds for output</a>
  <ul class="details">
    <li><a href="https://treeherder.mozilla.org/intermittent-failures/bugdetails?startday=2025-09-19&amp;endday=2025-09-26&amp;tree=all&amp;bug=1794985" target="_blank">Orange Factor Graph ðŸ“ˆ</a></li>
    <li>32 Failures</li>
    
    
      <li>Repository Breakdown:
        <ul class="subdetails"><li>mozilla-central: 19</li><li>autoland: 13</li></ul>
      </li>
    
    
    
  </ul>
</li>

<li><a href="https://bugzilla.mozilla.org/show_bug.cgi?id=1795826" target="_blank">Bug 1795826 - Intermittent raptor-browsertime Error: Browsertime failed to run</a>
  <ul class="details">
    <li><a href="https://treeherder.mozilla.org/intermittent-failures/bugdetails?startday=2025-09-19&amp;endday=2025-09-26&amp;tree=all&amp;bug=1795826" target="_blank">Orange Factor Graph ðŸ“ˆ</a></li>
    <li>20 Failures</li>
    
    
      <li>Repository Breakdown:
        <ul class="subdetails"><li>autoland: 6</li><li>mozilla-central: 14</li></ul>
      </li>
    
    
    
  </ul>
</li>

</ul>


  <div class="section">
    <h2>ðŸŸ¥ Perma Failures</h2>
    <ul class="buglist">
      
        <li>
          <a href="https://bugzilla.mozilla.org/show_bug.cgi?id=1990473" target="_blank">Bug 1990473 - Perma pdfpaint-5 [taskcluster:error] task aborted - max run time exceeded | Timeout exceeded on http://127.0.0.1:55085/tests/pdfpaint/pdfs/issue1597.pdf | &#34;You should not call finishTest without having first initted the Profiler&#34; | single tracking bug</a>
          <ul class="details">
            <li><a href="https://treeherder.mozilla.org/intermittent-failures/bugdetails?startday=2025-09-19&amp;endday=2025-09-26&amp;tree=all&amp;bug=1990473" target="_blank">Orange Factor Graph ðŸ“ˆ</a></li>
            
            
          </ul>
        </li>
      
        <li>
          <a href="https://bugzilla.mozilla.org/show_bug.cgi?id=1988920" target="_blank">Bug 1988920 - Perma custom car fatal error: no module named &#39;_mach_port_t&#39; declared in module map file &#39;/opt/worker/tasks/task_175026340356205/fetches/MacOSX15.4.sdk/usr/include/DarwinFoundation.modulemap&#39; | single tracking bug</a>
          <ul class="details">
            <li><a href="https://treeherder.mozilla.org/intermittent-failures/bugdetails?startday=2025-09-19&amp;endday=2025-09-26&amp;tree=all&amp;bug=1988920" target="_blank">Orange Factor Graph ðŸ“ˆ</a></li>
            
            
          </ul>
        </li>
      
        <li>
          <a href="https://bugzilla.mozilla.org/show_bug.cgi?id=1989676" target="_blank">Bug 1989676 - Perma ../../skia/ext/skia_utils_mac.mm:87:11: error: use of undeclared identifier &#39;kCGImageByteOrder32Host&#39;; did you mean &#39;kCGImageByteOrder32Big&#39;? | single tracking bug</a>
          <ul class="details">
            <li><a href="https://treeherder.mozilla.org/intermittent-failures/bugdetails?startday=2025-09-19&amp;endday=2025-09-26&amp;tree=all&amp;bug=1989676" target="_blank">Orange Factor Graph ðŸ“ˆ</a></li>
            <li><b>Assigned To</b>: kshampur@mozilla.com</li>
            
          </ul>
        </li>
      
        <li>
          <a href="https://bugzilla.mozilla.org/show_bug.cgi?id=1990712" target="_blank">Bug 1990712 - Perma [taskcluster:error] Uploading error artifact public/build from file public/build with message &#34;Could not read directory &#39;/opt/worker/tasks/task_175811078503175/public/build&#39;&#34;, reason &#34;file-missing-on-worker&#34; | single tracking bug</a>
          <ul class="details">
            <li><a href="https://treeherder.mozilla.org/intermittent-failures/bugdetails?startday=2025-09-19&amp;endday=2025-09-26&amp;tree=all&amp;bug=1990712" target="_blank">Orange Factor Graph ðŸ“ˆ</a></li>
            
            
          </ul>
        </li>
      
        <li>
          <a href="https://bugzilla.mozilla.org/show_bug.cgi?id=1982803" target="_blank">Bug 1982803 - Perma [tier2] IndexError: list index out of range | Exception: Could not find any files in this configuration | single tracking bug</a>
          <ul class="details">
            <li><a href="https://treeherder.mozilla.org/intermittent-failures/bugdetails?startday=2025-09-19&amp;endday=2025-09-26&amp;tree=all&amp;bug=1982803" target="_blank">Orange Factor Graph ðŸ“ˆ</a></li>
            <li><b>Assigned To</b>: aglavic@mozilla.com</li>
            
          </ul>
        </li>
      
    </ul>
  </div>


</body></html>